빌드 시작: 2018-03-26 오후 1:45:49
     1>2 노드의 "D:\Study\my_git\MFCstudy\day1\SDI\SDI\SDI.vcxproj" 프로젝트(build 대상)입니다.
     1>PrepareForBuild:
         "D:\Study\my_git\MFCstudy\day1\SDI\Debug\" 디렉터리를 만들고 있습니다.
       InitializeBuildStatus:
         "AlwaysCreate"이(가) 지정되었기 때문에 "Debug\SDI.unsuccessfulbuild"을(를) 만들고 있습니다.
       ClCompile:
         d:\Program Files (x86)\Microsoft Visual Studio 10.0\VC\bin\CL.exe /c /ZI /nologo /W3 /WX- /Od /Oy- /D WIN32 /D _WINDOWS /D _DEBUG /D _UNICODE /D UNICODE /D _AFXDLL /Gm /EHsc /RTC1 /MDd /GS /fp:precise /Zc:wchar_t /Zc:forScope /Yc"StdAfx.h" /Fp"Debug\SDI.pch" /Fo"Debug\\" /Fd"Debug\vc100.pdb" /Gd /TP /analyze- /errorReport:prompt stdafx.cpp
         stdafx.cpp
         d:\Program Files (x86)\Microsoft Visual Studio 10.0\VC\bin\CL.exe /c /ZI /nologo /W3 /WX- /Od /Oy- /D WIN32 /D _WINDOWS /D _DEBUG /D _UNICODE /D UNICODE /D _AFXDLL /Gm /EHsc /RTC1 /MDd /GS /fp:precise /Zc:wchar_t /Zc:forScope /Yu"StdAfx.h" /Fp"Debug\SDI.pch" /Fo"Debug\\" /Fd"Debug\vc100.pdb" /Gd /TP /analyze- /errorReport:prompt MainFrm.cpp SDI.cpp SDIDoc.cpp SDIView.cpp
         SDIView.cpp
         SDIDoc.cpp
         SDI.cpp
         MainFrm.cpp
         코드를 생성하고 있습니다...
       ResourceCompile:
         C:\Program Files (x86)\Microsoft SDKs\Windows\v7.0A\bin\rc.exe /D _DEBUG /D _UNICODE /D UNICODE /D _AFXDLL /l"0x0412" /IDebug\ /nologo /fo"Debug\SDI.res" SDI.rc 
       ManifestResourceCompile:
         C:\Program Files (x86)\Microsoft SDKs\Windows\v7.0A\bin\rc.exe /nologo /fo"Debug\SDI.exe.embed.manifest.res" Debug\SDI_manifest.rc 
       Link:
         d:\Program Files (x86)\Microsoft Visual Studio 10.0\VC\bin\link.exe /ERRORREPORT:PROMPT /OUT:"D:\Study\my_git\MFCstudy\day1\SDI\Debug\SDI.exe" /INCREMENTAL /NOLOGO /MANIFEST /ManifestFile:"Debug\SDI.exe.intermediate.manifest" /MANIFESTUAC:"level='asInvoker' uiAccess='false'" /DEBUG /PDB:"D:\Study\my_git\MFCstudy\day1\SDI\Debug\SDI.pdb" /SUBSYSTEM:WINDOWS /TLBID:1 /ENTRY:"wWinMainCRTStartup" /DYNAMICBASE /NXCOMPAT /IMPLIB:"D:\Study\my_git\MFCstudy\day1\SDI\Debug\SDI.lib" /MACHINE:X86 Debug\SDI.res
         Debug\SDI.exe.embed.manifest.res
         Debug\MainFrm.obj
         Debug\SDI.obj
         Debug\SDIDoc.obj
         Debug\SDIView.obj
         Debug\stdafx.obj
       Manifest:
         C:\Program Files (x86)\Microsoft SDKs\Windows\v7.0A\bin\mt.exe /nologo /verbose /out:"Debug\SDI.exe.embed.manifest" /manifest Debug\SDI.exe.intermediate.manifest "d:\Program Files (x86)\Microsoft Visual Studio 10.0\VC\Include\Manifest\dpiaware.manifest"
         C:\Program Files (x86)\Microsoft SDKs\Windows\v7.0A\bin\rc.exe /nologo /fo"Debug\SDI.exe.embed.manifest.res" Debug\SDI_manifest.rc 
       LinkEmbedManifest:
         d:\Program Files (x86)\Microsoft Visual Studio 10.0\VC\bin\link.exe /ERRORREPORT:PROMPT /OUT:"D:\Study\my_git\MFCstudy\day1\SDI\Debug\SDI.exe" /INCREMENTAL /NOLOGO /MANIFEST /ManifestFile:"Debug\SDI.exe.intermediate.manifest" /MANIFESTUAC:"level='asInvoker' uiAccess='false'" /DEBUG /PDB:"D:\Study\my_git\MFCstudy\day1\SDI\Debug\SDI.pdb" /SUBSYSTEM:WINDOWS /TLBID:1 /ENTRY:"wWinMainCRTStartup" /DYNAMICBASE /NXCOMPAT /IMPLIB:"D:\Study\my_git\MFCstudy\day1\SDI\Debug\SDI.lib" /MACHINE:X86 Debug\SDI.res
         Debug\SDI.exe.embed.manifest.res
         Debug\MainFrm.obj
         Debug\SDI.obj
         Debug\SDIDoc.obj
         Debug\SDIView.obj
         Debug\stdafx.obj
         SDI.vcxproj -> D:\Study\my_git\MFCstudy\day1\SDI\Debug\SDI.exe
       FinalizeBuildStatus:
         "Debug\SDI.unsuccessfulbuild" 파일을 삭제하고 있습니다.
         "Debug\SDI.lastbuildstate"에 연결(touching)하고 있습니다.
     1>"D:\Study\my_git\MFCstudy\day1\SDI\SDI\SDI.vcxproj" 프로젝트를 빌드했습니다(build 대상).

빌드했습니다.

경과 시간: 00:00:08.60
